<?xml version="1.0" encoding="utf-8"?>
<assemblies timestamp="10/21/2022 00:36:28">
  <assembly />
</assemblies>